This is pdfTeX, Version 3.141592653-2.6-1.40.24 (TeX Live 2022) (preloaded format=pdflatex 2022.10.5)  15 NOV 2022 16:54
entering extended mode
 restricted \write18 enabled.
 file:line:error style messages enabled.
 %&-line parsing enabled.
**BasicMathTemplate.tex
(./BasicMathTemplate.tex
LaTeX2e <2021-11-15> patch level 1
L3 programming layer <2022-02-24>

./BasicMathTemplate.tex:1: LaTeX hooks Error: Missing (empty) default label on 
line 1.
(hooks)              This command was ignored.

Type <return> to continue.
 ...                                              
                                                  
l.1 \documentclass[x11names][1
                              2pt]{article}
? 
./BasicMathTemplate.tex:1: Emergency stop.
 ...                                              
                                                  
l.1 \documentclass[x11names][1
                              2pt]{article}

LaTeX does not know anything more about this error, sorry.

Try typing <return> to proceed.
If that doesn't work, type X <return> to quit.


 
Here is how much of TeX's memory you used:
 20 strings out of 478268
 592 string characters out of 5846347
 289381 words of memory out of 5000000
 18328 multiletter control sequences out of 15000+600000
 469259 words of font info for 28 fonts, out of 8000000 for 9000
 1141 hyphenation exceptions out of 8191
 20i,0n,45p,103b,44s stack positions out of 10000i,1000n,20000p,200000b,200000s
./BasicMathTemplate.tex:1:  ==> Fatal error occurred, no output PDF file produc
ed!
